{
  "RSpec": {
    "coverage": {
      "/home/remote-object-3629/tic-tac-toe-rb-ruby-apply-000/lib/tic_tac_toe.rb": [
        1,
        24,
        24,
        24,
        24,
        24,
        null,
        null,
        null,
        1,
        null,
        null,
        null,
        null,
        null,
        null,
        null,
        null,
        null,
        1,
        8715,
        null,
        null,
        1,
        22,
        22,
        null,
        22,
        null,
        null,
        1,
        8740,
        null,
        null,
        1,
        8737,
        null,
        null,
        1,
        8713,
        8712,
        8712,
        8712,
        19,
        19,
        null,
        null,
        8693,
        null,
        null,
        null,
        1,
        22,
        22,
        198,
        37,
        null,
        null,
        22,
        null,
        null,
        1,
        1,
        1,
        null,
        null,
        1,
        61,
        401,
        401,
        401,
        null,
        401,
        16,
        385,
        5,
        null,
        null,
        40,
        null,
        null,
        1,
        38,
        165,
        31,
        null,
        null,
        7,
        null,
        null,
        1,
        25,
        5,
        null,
        20,
        null,
        null,
        1,
        23,
        9,
        null,
        14,
        null,
        null,
        1,
        7,
        7,
        6,
        null,
        1,
        null,
        null,
        1,
        12,
        20,
        20,
        20,
        null,
        null,
        11,
        4,
        null,
        7,
        null,
        null,
        null
      ]
    },
    "timestamp": 1601587906
  }
}
